[0m[[0minfo[0m] [0m[32mFunctionCallSpec:[0m[0m
[0m[[0minfo[0m] [0m[32mFunctions[0m[0m
[0m[[0minfo[0m] [0m[32m- should be considered values[0m[0m
[0m[[0minfo[0m] [0m[32mCall[0m[0m
[0m[[0minfo[0m] [0m[32m- should evaluate a function using big-step semantics[0m[0m
[0m[[0minfo[0m] [0m[32mCall[0m[0m
[0m[[0minfo[0m] [0m[31m- should handle recursive functions using big-step semantics *** FAILED ***[0m[0m
[0m[[0minfo[0m] [0m[31m  java.lang.UnsupportedOperationException:[0m[0m
[0m[[0minfo[0m] [0m[31m  at Lab3$.eval(Lab3.scala:137)[0m[0m
[0m[[0minfo[0m] [0m[31m  at Lab3$.eToB$1(Lab3.scala:115)[0m[0m
[0m[[0minfo[0m] [0m[31m  at Lab3$.eval(Lab3.scala:149)[0m[0m
[0m[[0minfo[0m] [0m[31m  at Lab3$.evaluate(Lab3.scala:220)[0m[0m
[0m[[0minfo[0m] [0m[31m  at FunctionCallSpec$$anonfun$3.apply$mcV$sp(FunctionCallSpec.scala:31)[0m[0m
[0m[[0minfo[0m] [0m[31m  at FunctionCallSpec$$anonfun$3.apply(FunctionCallSpec.scala:25)[0m[0m
[0m[[0minfo[0m] [0m[31m  at FunctionCallSpec$$anonfun$3.apply(FunctionCallSpec.scala:25)[0m[0m
[0m[[0minfo[0m] [0m[31m  at org.scalatest.Transformer$$anonfun$apply$1.apply(Transformer.scala:22)[0m[0m
[0m[[0minfo[0m] [0m[31m  at org.scalatest.Transformer$$anonfun$apply$1.apply(Transformer.scala:22)[0m[0m
[0m[[0minfo[0m] [0m[31m  at org.scalatest.OutcomeOf$class.outcomeOf(OutcomeOf.scala:85)[0m[0m
[0m[[0minfo[0m] [0m[31m  ...[0m[0m
[0m[[0minfo[0m] [0m[32mCall[0m[0m
[0m[[0minfo[0m] [0m[31m- should evaluate a function using small-step semantics *** FAILED ***[0m[0m
[0m[[0minfo[0m] [0m[31m  scala.MatchError: Call(Function(None,x,Binary(Plus,Var(x),N(1.0))),N(2.0)) (of class jsy.lab3.ast$Call)[0m[0m
[0m[[0minfo[0m] [0m[31m  at Lab3$.step(Lab3.scala:189)[0m[0m
[0m[[0minfo[0m] [0m[31m  at Lab3$.loop$1(Lab3.scala:235)[0m[0m
[0m[[0minfo[0m] [0m[31m  at Lab3$.iterateStep(Lab3.scala:241)[0m[0m
[0m[[0minfo[0m] [0m[31m  at FunctionCallSpec$$anonfun$4.apply$mcV$sp(FunctionCallSpec.scala:41)[0m[0m
[0m[[0minfo[0m] [0m[31m  at FunctionCallSpec$$anonfun$4.apply(FunctionCallSpec.scala:36)[0m[0m
[0m[[0minfo[0m] [0m[31m  at FunctionCallSpec$$anonfun$4.apply(FunctionCallSpec.scala:36)[0m[0m
[0m[[0minfo[0m] [0m[31m  at org.scalatest.Transformer$$anonfun$apply$1.apply(Transformer.scala:22)[0m[0m
[0m[[0minfo[0m] [0m[31m  at org.scalatest.Transformer$$anonfun$apply$1.apply(Transformer.scala:22)[0m[0m
[0m[[0minfo[0m] [0m[31m  at org.scalatest.OutcomeOf$class.outcomeOf(OutcomeOf.scala:85)[0m[0m
[0m[[0minfo[0m] [0m[31m  at org.scalatest.OutcomeOf$.outcomeOf(OutcomeOf.scala:104)[0m[0m
[0m[[0minfo[0m] [0m[31m  ...[0m[0m
[0m[[0minfo[0m] [0m[32mCall[0m[0m
[0m[[0minfo[0m] [0m[31m- should handle recursive functions using small-step semantics *** FAILED ***[0m[0m
[0m[[0minfo[0m] [0m[31m  scala.MatchError: Call(Function(Some(f),x,If(Binary(Eq,Var(x),N(0.0)),Var(x),Binary(Plus,Var(x),Call(Var(f),Binary(Minus,Var(x),N(1.0)))))),N(3.0)) (of class jsy.lab3.ast$Call)[0m[0m
[0m[[0minfo[0m] [0m[31m  at Lab3$.step(Lab3.scala:189)[0m[0m
[0m[[0minfo[0m] [0m[31m  at Lab3$.loop$1(Lab3.scala:235)[0m[0m
[0m[[0minfo[0m] [0m[31m  at Lab3$.iterateStep(Lab3.scala:241)[0m[0m
[0m[[0minfo[0m] [0m[31m  at FunctionCallSpec$$anonfun$5.apply$mcV$sp(FunctionCallSpec.scala:51)[0m[0m
[0m[[0minfo[0m] [0m[31m  at FunctionCallSpec$$anonfun$5.apply(FunctionCallSpec.scala:45)[0m[0m
[0m[[0minfo[0m] [0m[31m  at FunctionCallSpec$$anonfun$5.apply(FunctionCallSpec.scala:45)[0m[0m
[0m[[0minfo[0m] [0m[31m  at org.scalatest.Transformer$$anonfun$apply$1.apply(Transformer.scala:22)[0m[0m
[0m[[0minfo[0m] [0m[31m  at org.scalatest.Transformer$$anonfun$apply$1.apply(Transformer.scala:22)[0m[0m
[0m[[0minfo[0m] [0m[31m  at org.scalatest.OutcomeOf$class.outcomeOf(OutcomeOf.scala:85)[0m[0m
[0m[[0minfo[0m] [0m[31m  at org.scalatest.OutcomeOf$.outcomeOf(OutcomeOf.scala:104)[0m[0m
[0m[[0minfo[0m] [0m[31m  ...[0m[0m
